<?xml version="1.0" encoding="UTF-8"?>
<!-- Generated by org.testng.reporters.JUnitXMLReporter -->
<testsuite ignored="0" hostname="Moganrajs-MacBook-Pro.local" failures="0" tests="5" name="UI Automation" time="22.504" errors="0" timestamp="2023-05-02T20:53:06 EDT">
  <testcase classname="com.qa.test.Test1" name="sample1" time="0.002"/>
  <testcase classname="com.qa.test.Test1" name="sample2" time="0.0"/>
  <testcase classname="com.qa.test.Test2" name="sample1" time="0.0"/>
  <testcase classname="com.qa.webtest.TestWeb" name="testChrome" time="10.507"/>
  <testcase classname="com.qa.webtest.TestWeb" name="testFirefox" time="11.94"/>
</testsuite> <!-- UI Automation -->
