<?xml version="1.0" encoding="UTF-8"?>
<testsuite xmlns:xsi="http://www.w3.org/2001/XMLSchema-instance" xsi:noNamespaceSchemaLocation="https://maven.apache.org/surefire/maven-surefire-plugin/xsd/surefire-test-report-3.0.xsd" version="3.0" name="TestSuite" time="22.905" tests="5" errors="0" skipped="0" failures="0">
  <properties>
[...]
</properties>
  <testcase name="sample1" classname="com.qa.test.Test1" time="0.002">
    <system-out><![CDATA[BEFORE - T1 : 
Hi Maven Pjct - T1-S1
]]></system-out>
    <system-err><![CDATA[SLF4J: No SLF4J providers were found.
SLF4J: Defaulting to no-operation (NOP) logger implementation
SLF4J: See https://www.slf4j.org/codes.html#noProviders for further details.
]]></system-err>
  </testcase>
  <testcase name="sample2" classname="com.qa.test.Test1" time="0">
    <system-out><![CDATA[AFTER - T1 : sample1
BEFORE - T1 : sample1
Hi Maven Pjct - T1-S2
]]></system-out>
  </testcase>
  <testcase name="sample1" classname="com.qa.test.Test2" time="0">
    <system-out><![CDATA[AFTER - T1 : sample2
Hi Maven Pjct - T2-S1
]]></system-out>
  </testcase>
  <testcase name="testChrome" classname="com.qa.webtest.TestWeb" time="10.508">
    <system-out><![CDATA[--------Hello World - CHROME--------
--------Open Google and Get the Title--------
Google
]]></system-out>
    <system-err><![CDATA[Starting ChromeDriver 112.0.5615.49 (bd2a7bcb881c11e8cfe3078709382934e3916914-refs/branch-heads/5615@{#936}) on port 6621
Only local connections are allowed.
Please see https://chromedriver.chromium.org/security-considerations for suggestions on keeping ChromeDriver safe.
ChromeDriver was started successfully.
May 02, 2023 8:52:54 PM org.openqa.selenium.remote.http.WebSocket$Listener onError
WARNING: Connection reset
java.net.SocketException: Connection reset
	at java.base/sun.nio.ch.SocketChannelImpl.throwConnectionReset(SocketChannelImpl.java:345)
	at java.base/sun.nio.ch.SocketChannelImpl.read(SocketChannelImpl.java:376)
	at io.netty.buffer.PooledByteBuf.setBytes(PooledByteBuf.java:256)
	at io.netty.buffer.AbstractByteBuf.writeBytes(AbstractByteBuf.java:1132)
	at io.netty.channel.socket.nio.NioSocketChannel.doReadBytes(NioSocketChannel.java:357)
	at io.netty.channel.nio.AbstractNioByteChannel$NioByteUnsafe.read(AbstractNioByteChannel.java:151)
	at io.netty.channel.nio.NioEventLoop.processSelectedKey(NioEventLoop.java:788)
	at io.netty.channel.nio.NioEventLoop.processSelectedKeysOptimized(NioEventLoop.java:724)
	at io.netty.channel.nio.NioEventLoop.processSelectedKeys(NioEventLoop.java:650)
	at io.netty.channel.nio.NioEventLoop.run(NioEventLoop.java:562)
	at io.netty.util.concurrent.SingleThreadEventExecutor$4.run(SingleThreadEventExecutor.java:997)
	at io.netty.util.internal.ThreadExecutorMap$2.run(ThreadExecutorMap.java:74)
	at io.netty.util.concurrent.FastThreadLocalRunnable.run(FastThreadLocalRunnable.java:30)
	at java.base/java.lang.Thread.run(Thread.java:832)

]]></system-err>
  </testcase>
  <testcase name="testFirefox" classname="com.qa.webtest.TestWeb" time="11.941">
    <system-out><![CDATA[--------Hello World - FIREFOX--------
--------Open Google and Get the Title--------
Google
]]></system-out>
    <system-err><![CDATA[1683075174410	geckodriver	INFO	Listening on 127.0.0.1:45987
1683075174479	mozrunner::runner	INFO	Running command: "/Applications/Firefox.app/Contents/MacOS/firefox-bin" "--marionette" "--remote-debugging-port" "3834" "--remote-allow-hosts" "localhost" "--remote-allow-origins" "http://127.0.0.1:3834/,http://localhost:3834/,http://[::1]:3834/" "-foreground" "-no-remote" "-profile" "/var/folders/hg/gnvn8pj90kd33l76ssps3sb40000gn/T/rust_mozprofilenXfiAL"
1683075175102	Marionette	INFO	Marionette enabled
1683075175144	Marionette	INFO	Listening on port 49423
Read port: 49423
WebDriver BiDi listening on ws://127.0.0.1:3834
1683075175572	RemoteAgent	WARN	TLS certificate errors will be ignored for this session
console.warn: SearchSettings: "get: No settings file exists, new profile?" (new NotFoundError("Could not open the file at /var/folders/hg/gnvn8pj90kd33l76ssps3sb40000gn/T/rust_mozprofilenXfiAL/search.json.mozlz4", (void 0)))
DevTools listening on ws://127.0.0.1:3834/devtools/browser/c937047b-ed9e-4072-806b-c072520968d6
JavaScript error: resource://gre/modules/URIFixup.sys.mjs, line 302: NS_ERROR_FAILURE: Should pass a non-null uri
1683075185687	RemoteAgent	INFO	Perform WebSocket upgrade for incoming connection from 127.0.0.1:49478
1683075185691	CDP	ERROR	Invalid browser preferences for CDP. Set "fission.webContentIsolationStrategy"to 0 and "fission.bfcacheInParent" to false before Firefox starts.
1683075185699	Marionette	INFO	Stopped listening on port 49423
]]></system-err>
  </testcase>
</testsuite>