<?xml version="1.0" encoding="UTF-8"?>
<testng-results ignored="0" total="5" passed="5" failed="0" skipped="0">
  <reporter-output>
  </reporter-output>
  <suite started-at="2023-05-02T20:52:43 EDT" name="Automation Suite" finished-at="2023-05-02T20:53:06 EDT" duration-ms="22504">
    <groups>
    </groups>
    <test started-at="2023-05-02T20:52:43 EDT" name="UI Automation" finished-at="2023-05-02T20:53:06 EDT" duration-ms="22504">
      <class name="com.qa.webtest.TestWeb">
        <test-method signature="testChrome()[pri:0, instance:com.qa.webtest.TestWeb@353d0772]" started-at="2023-05-02T20:52:43 EDT" name="testChrome" finished-at="2023-05-02T20:52:54 EDT" duration-ms="10507" status="PASS">
          <reporter-output>
          </reporter-output>
        </test-method> <!-- testChrome -->
        <test-method signature="testFirefox()[pri:0, instance:com.qa.webtest.TestWeb@353d0772]" started-at="2023-05-02T20:52:54 EDT" name="testFirefox" finished-at="2023-05-02T20:53:06 EDT" duration-ms="11940" status="PASS">
          <reporter-output>
          </reporter-output>
        </test-method> <!-- testFirefox -->
      </class> <!-- com.qa.webtest.TestWeb -->
      <class name="com.qa.test.Test2">
        <test-method signature="sample1()[pri:0, instance:com.qa.test.Test2@10e41621]" started-at="2023-05-02T20:52:43 EDT" name="sample1" finished-at="2023-05-02T20:52:43 EDT" duration-ms="0" status="PASS">
          <reporter-output>
          </reporter-output>
        </test-method> <!-- sample1 -->
      </class> <!-- com.qa.test.Test2 -->
      <class name="com.qa.test.Test1">
        <test-method is-config="true" signature="init()[pri:0, instance:com.qa.test.Test1@6af93788]" started-at="2023-05-02T20:52:43 EDT" name="init" finished-at="2023-05-02T20:52:43 EDT" duration-ms="7" status="PASS">
          <reporter-output>
          </reporter-output>
        </test-method> <!-- init -->
        <test-method signature="sample1()[pri:0, instance:com.qa.test.Test1@6af93788]" started-at="2023-05-02T20:52:43 EDT" name="sample1" finished-at="2023-05-02T20:52:43 EDT" duration-ms="2" status="PASS">
          <reporter-output>
          </reporter-output>
        </test-method> <!-- sample1 -->
        <test-method is-config="true" signature="teardown()[pri:0, instance:com.qa.test.Test1@6af93788]" started-at="2023-05-02T20:52:43 EDT" name="teardown" finished-at="2023-05-02T20:52:43 EDT" duration-ms="0" status="PASS">
          <reporter-output>
          </reporter-output>
        </test-method> <!-- teardown -->
        <test-method is-config="true" signature="init()[pri:0, instance:com.qa.test.Test1@6af93788]" started-at="2023-05-02T20:52:43 EDT" name="init" finished-at="2023-05-02T20:52:43 EDT" duration-ms="1" status="PASS">
          <reporter-output>
          </reporter-output>
        </test-method> <!-- init -->
        <test-method signature="sample2()[pri:0, instance:com.qa.test.Test1@6af93788]" started-at="2023-05-02T20:52:43 EDT" name="sample2" finished-at="2023-05-02T20:52:43 EDT" duration-ms="0" status="PASS">
          <reporter-output>
          </reporter-output>
        </test-method> <!-- sample2 -->
        <test-method is-config="true" signature="teardown()[pri:0, instance:com.qa.test.Test1@6af93788]" started-at="2023-05-02T20:52:43 EDT" name="teardown" finished-at="2023-05-02T20:52:43 EDT" duration-ms="1" status="PASS">
          <reporter-output>
          </reporter-output>
        </test-method> <!-- teardown -->
      </class> <!-- com.qa.test.Test1 -->
    </test> <!-- UI Automation -->
  </suite> <!-- Automation Suite -->
</testng-results>
